<?xml version="1.0" encoding="UTF-8"?>
<!-- Generated by org.testng.reporters.JUnitReportReporter -->
<testsuite hostname="DESKTOP-CKQKV88" failures="0" tests="1" name="org.nextshooos.ShopEverything" time="32.506" errors="0" timestamp="2020-12-15T11:10:07 IST" skipped="0">
  <testcase classname="org.nextshooos.ShopEverything" name="method1" time="32.506"/>
  <system-out/>
</testsuite> <!-- org.nextshooos.ShopEverything -->
